<?xml version="1.0" encoding="UTF-8"?>
<testng-results total="6" passed="6" failed="0" skipped="0">
  <reporter-output>
  </reporter-output>
  <suite started-at="2021-12-07T22:44:44Z" name="SuiteAll" finished-at="2021-12-07T22:44:58Z" duration-ms="13073">
    <groups>
    </groups>
    <test started-at="2021-12-07T22:44:44Z" name="TestAll" finished-at="2021-12-07T22:44:58Z" duration-ms="13073">
      <class name="gradjanibrzogbroda.backend.contoller.ZaposleniControllerTests">
        <test-method is-config="true" signature="springTestContextBeforeTestClass()[pri:0, instance:gradjanibrzogbroda.backend.contoller.ZaposleniControllerTests@7e1a1da6]" started-at="2021-12-07T23:44:44Z" name="springTestContextBeforeTestClass" finished-at="2021-12-07T23:44:45Z" duration-ms="27" status="PASS">
          <reporter-output>
          </reporter-output>
        </test-method> <!-- springTestContextBeforeTestClass -->
        <test-method is-config="true" signature="springTestContextPrepareTestInstance()[pri:0, instance:gradjanibrzogbroda.backend.contoller.ZaposleniControllerTests@7e1a1da6]" started-at="2021-12-07T23:44:45Z" name="springTestContextPrepareTestInstance" finished-at="2021-12-07T23:44:56Z" depends-on-methods="org.springframework.test.context.testng.AbstractTestNGSpringContextTests.springTestContextBeforeTestClass" duration-ms="11752" status="PASS">
          <reporter-output>
          </reporter-output>
        </test-method> <!-- springTestContextPrepareTestInstance -->
        <test-method is-config="true" signature="springTestContextBeforeTestMethod(java.lang.reflect.Method)[pri:0, instance:gradjanibrzogbroda.backend.contoller.ZaposleniControllerTests@7e1a1da6]" started-at="2021-12-07T23:44:56Z" name="springTestContextBeforeTestMethod" finished-at="2021-12-07T23:44:56Z" duration-ms="3" status="PASS">
          <params>
            <param index="0">
              <value>
                <![CDATA[public void gradjanibrzogbroda.backend.contoller.ZaposleniControllerTests.testGetAllZaposleni()]]>
              </value>
            </param>
          </params>
          <reporter-output>
          </reporter-output>
        </test-method> <!-- springTestContextBeforeTestMethod -->
        <test-method signature="testGetAllZaposleni()[pri:0, instance:gradjanibrzogbroda.backend.contoller.ZaposleniControllerTests@7e1a1da6]" started-at="2021-12-07T23:44:56Z" name="testGetAllZaposleni" finished-at="2021-12-07T23:44:57Z" duration-ms="800" status="PASS">
          <reporter-output>
          </reporter-output>
        </test-method> <!-- testGetAllZaposleni -->
        <test-method is-config="true" signature="springTestContextAfterTestMethod(java.lang.reflect.Method)[pri:0, instance:gradjanibrzogbroda.backend.contoller.ZaposleniControllerTests@7e1a1da6]" started-at="2021-12-07T23:44:57Z" name="springTestContextAfterTestMethod" finished-at="2021-12-07T23:44:57Z" duration-ms="3" status="PASS">
          <params>
            <param index="0">
              <value>
                <![CDATA[public void gradjanibrzogbroda.backend.contoller.ZaposleniControllerTests.testGetAllZaposleni()]]>
              </value>
            </param>
          </params>
          <reporter-output>
          </reporter-output>
        </test-method> <!-- springTestContextAfterTestMethod -->
        <test-method is-config="true" signature="springTestContextBeforeTestMethod(java.lang.reflect.Method)[pri:0, instance:gradjanibrzogbroda.backend.contoller.ZaposleniControllerTests@7e1a1da6]" started-at="2021-12-07T23:44:57Z" name="springTestContextBeforeTestMethod" finished-at="2021-12-07T23:44:57Z" duration-ms="0" status="PASS">
          <params>
            <param index="0">
              <value>
                <![CDATA[public void gradjanibrzogbroda.backend.contoller.ZaposleniControllerTests.testAddZaposleni()]]>
              </value>
            </param>
          </params>
          <reporter-output>
          </reporter-output>
        </test-method> <!-- springTestContextBeforeTestMethod -->
        <test-method signature="testAddZaposleni()[pri:0, instance:gradjanibrzogbroda.backend.contoller.ZaposleniControllerTests@7e1a1da6]" started-at="2021-12-07T23:44:57Z" name="testAddZaposleni" finished-at="2021-12-07T23:44:57Z" duration-ms="215" status="PASS">
          <reporter-output>
          </reporter-output>
        </test-method> <!-- testAddZaposleni -->
        <test-method is-config="true" signature="springTestContextAfterTestMethod(java.lang.reflect.Method)[pri:0, instance:gradjanibrzogbroda.backend.contoller.ZaposleniControllerTests@7e1a1da6]" started-at="2021-12-07T23:44:57Z" name="springTestContextAfterTestMethod" finished-at="2021-12-07T23:44:57Z" duration-ms="1" status="PASS">
          <params>
            <param index="0">
              <value>
                <![CDATA[public void gradjanibrzogbroda.backend.contoller.ZaposleniControllerTests.testAddZaposleni()]]>
              </value>
            </param>
          </params>
          <reporter-output>
          </reporter-output>
        </test-method> <!-- springTestContextAfterTestMethod -->
        <test-method signature="testDeleteZaposleni()[pri:0, instance:gradjanibrzogbroda.backend.contoller.ZaposleniControllerTests@7e1a1da6]" started-at="2021-12-07T23:44:57Z" name="testDeleteZaposleni" finished-at="2021-12-07T23:44:57Z" duration-ms="68" status="PASS">
          <reporter-output>
          </reporter-output>
        </test-method> <!-- testDeleteZaposleni -->
        <test-method is-config="true" signature="springTestContextBeforeTestMethod(java.lang.reflect.Method)[pri:0, instance:gradjanibrzogbroda.backend.contoller.ZaposleniControllerTests@7e1a1da6]" started-at="2021-12-07T23:44:57Z" name="springTestContextBeforeTestMethod" finished-at="2021-12-07T23:44:57Z" duration-ms="0" status="PASS">
          <params>
            <param index="0">
              <value>
                <![CDATA[public void gradjanibrzogbroda.backend.contoller.ZaposleniControllerTests.testDeleteZaposleni()]]>
              </value>
            </param>
          </params>
          <reporter-output>
          </reporter-output>
        </test-method> <!-- springTestContextBeforeTestMethod -->
        <test-method is-config="true" signature="springTestContextAfterTestMethod(java.lang.reflect.Method)[pri:0, instance:gradjanibrzogbroda.backend.contoller.ZaposleniControllerTests@7e1a1da6]" started-at="2021-12-07T23:44:57Z" name="springTestContextAfterTestMethod" finished-at="2021-12-07T23:44:57Z" duration-ms="1" status="PASS">
          <params>
            <param index="0">
              <value>
                <![CDATA[public void gradjanibrzogbroda.backend.contoller.ZaposleniControllerTests.testDeleteZaposleni()]]>
              </value>
            </param>
          </params>
          <reporter-output>
          </reporter-output>
        </test-method> <!-- springTestContextAfterTestMethod -->
        <test-method is-config="true" signature="springTestContextBeforeTestMethod(java.lang.reflect.Method)[pri:0, instance:gradjanibrzogbroda.backend.contoller.ZaposleniControllerTests@7e1a1da6]" started-at="2021-12-07T23:44:57Z" name="springTestContextBeforeTestMethod" finished-at="2021-12-07T23:44:57Z" duration-ms="0" status="PASS">
          <params>
            <param index="0">
              <value>
                <![CDATA[public void gradjanibrzogbroda.backend.contoller.ZaposleniControllerTests.testGetZaposleniById()]]>
              </value>
            </param>
          </params>
          <reporter-output>
          </reporter-output>
        </test-method> <!-- springTestContextBeforeTestMethod -->
        <test-method signature="testGetZaposleniById()[pri:0, instance:gradjanibrzogbroda.backend.contoller.ZaposleniControllerTests@7e1a1da6]" started-at="2021-12-07T23:44:57Z" name="testGetZaposleniById" finished-at="2021-12-07T23:44:57Z" duration-ms="31" status="PASS">
          <reporter-output>
          </reporter-output>
        </test-method> <!-- testGetZaposleniById -->
        <test-method is-config="true" signature="springTestContextAfterTestMethod(java.lang.reflect.Method)[pri:0, instance:gradjanibrzogbroda.backend.contoller.ZaposleniControllerTests@7e1a1da6]" started-at="2021-12-07T23:44:57Z" name="springTestContextAfterTestMethod" finished-at="2021-12-07T23:44:57Z" duration-ms="1" status="PASS">
          <params>
            <param index="0">
              <value>
                <![CDATA[public void gradjanibrzogbroda.backend.contoller.ZaposleniControllerTests.testGetZaposleniById()]]>
              </value>
            </param>
          </params>
          <reporter-output>
          </reporter-output>
        </test-method> <!-- springTestContextAfterTestMethod -->
        <test-method is-config="true" signature="springTestContextBeforeTestMethod(java.lang.reflect.Method)[pri:0, instance:gradjanibrzogbroda.backend.contoller.ZaposleniControllerTests@7e1a1da6]" started-at="2021-12-07T23:44:57Z" name="springTestContextBeforeTestMethod" finished-at="2021-12-07T23:44:57Z" duration-ms="2" status="PASS">
          <params>
            <param index="0">
              <value>
                <![CDATA[public void gradjanibrzogbroda.backend.contoller.ZaposleniControllerTests.testIzmeniPlatu()]]>
              </value>
            </param>
          </params>
          <reporter-output>
          </reporter-output>
        </test-method> <!-- springTestContextBeforeTestMethod -->
        <test-method signature="testIzmeniPlatu()[pri:0, instance:gradjanibrzogbroda.backend.contoller.ZaposleniControllerTests@7e1a1da6]" started-at="2021-12-07T23:44:57Z" name="testIzmeniPlatu" finished-at="2021-12-07T23:44:58Z" duration-ms="96" status="PASS">
          <reporter-output>
          </reporter-output>
        </test-method> <!-- testIzmeniPlatu -->
        <test-method is-config="true" signature="springTestContextAfterTestMethod(java.lang.reflect.Method)[pri:0, instance:gradjanibrzogbroda.backend.contoller.ZaposleniControllerTests@7e1a1da6]" started-at="2021-12-07T23:44:58Z" name="springTestContextAfterTestMethod" finished-at="2021-12-07T23:44:58Z" duration-ms="0" status="PASS">
          <params>
            <param index="0">
              <value>
                <![CDATA[public void gradjanibrzogbroda.backend.contoller.ZaposleniControllerTests.testIzmeniPlatu()]]>
              </value>
            </param>
          </params>
          <reporter-output>
          </reporter-output>
        </test-method> <!-- springTestContextAfterTestMethod -->
        <test-method is-config="true" signature="springTestContextBeforeTestMethod(java.lang.reflect.Method)[pri:0, instance:gradjanibrzogbroda.backend.contoller.ZaposleniControllerTests@7e1a1da6]" started-at="2021-12-07T23:44:58Z" name="springTestContextBeforeTestMethod" finished-at="2021-12-07T23:44:58Z" duration-ms="0" status="PASS">
          <params>
            <param index="0">
              <value>
                <![CDATA[public void gradjanibrzogbroda.backend.contoller.ZaposleniControllerTests.testUpdateZaposleni()]]>
              </value>
            </param>
          </params>
          <reporter-output>
          </reporter-output>
        </test-method> <!-- springTestContextBeforeTestMethod -->
        <test-method signature="testUpdateZaposleni()[pri:0, instance:gradjanibrzogbroda.backend.contoller.ZaposleniControllerTests@7e1a1da6]" started-at="2021-12-07T23:44:58Z" name="testUpdateZaposleni" finished-at="2021-12-07T23:44:58Z" duration-ms="32" status="PASS">
          <reporter-output>
          </reporter-output>
        </test-method> <!-- testUpdateZaposleni -->
        <test-method is-config="true" signature="springTestContextAfterTestMethod(java.lang.reflect.Method)[pri:0, instance:gradjanibrzogbroda.backend.contoller.ZaposleniControllerTests@7e1a1da6]" started-at="2021-12-07T23:44:58Z" name="springTestContextAfterTestMethod" finished-at="2021-12-07T23:44:58Z" duration-ms="1" status="PASS">
          <params>
            <param index="0">
              <value>
                <![CDATA[public void gradjanibrzogbroda.backend.contoller.ZaposleniControllerTests.testUpdateZaposleni()]]>
              </value>
            </param>
          </params>
          <reporter-output>
          </reporter-output>
        </test-method> <!-- springTestContextAfterTestMethod -->
        <test-method is-config="true" signature="springTestContextAfterTestClass()[pri:0, instance:gradjanibrzogbroda.backend.contoller.ZaposleniControllerTests@7e1a1da6]" started-at="2021-12-07T23:44:58Z" name="springTestContextAfterTestClass" finished-at="2021-12-07T23:44:58Z" duration-ms="2" status="PASS">
          <reporter-output>
          </reporter-output>
        </test-method> <!-- springTestContextAfterTestClass -->
      </class> <!-- gradjanibrzogbroda.backend.contoller.ZaposleniControllerTests -->
    </test> <!-- TestAll -->
  </suite> <!-- SuiteAll -->
</testng-results>
