<?xml version="1.0" encoding="UTF-8"?>
<!-- Generated by org.testng.reporters.JUnitXMLReporter -->
<testsuite hostname="Filipov-PC" failures="0" tests="6" name="TestAll" time="13.073" errors="0" timestamp="7 Dec 2021 22:44:58 GMT">
  <testcase classname="gradjanibrzogbroda.backend.contoller.ZaposleniControllerTests" name="testGetAllZaposleni" time="0.8"/>
  <testcase classname="gradjanibrzogbroda.backend.contoller.ZaposleniControllerTests" name="testAddZaposleni" time="0.215"/>
  <testcase classname="gradjanibrzogbroda.backend.contoller.ZaposleniControllerTests" name="testDeleteZaposleni" time="0.068"/>
  <testcase classname="gradjanibrzogbroda.backend.contoller.ZaposleniControllerTests" name="testGetZaposleniById" time="0.031"/>
  <testcase classname="gradjanibrzogbroda.backend.contoller.ZaposleniControllerTests" name="testIzmeniPlatu" time="0.096"/>
  <testcase classname="gradjanibrzogbroda.backend.contoller.ZaposleniControllerTests" name="testUpdateZaposleni" time="0.032"/>
</testsuite> <!-- TestAll -->
