<?xml version="1.0" encoding="UTF-8"?>
<!-- Generated by org.testng.reporters.JUnitXMLReporter -->
<testsuite hostname="Filipov-PC" failures="0" tests="6" name="Default test" time="15.059" errors="0" timestamp="7 Dec 2021 22:23:32 GMT">
  <testcase classname="gradjanibrzogbroda.backend.contoller.ZaposleniControllerTests" name="testGetAllZaposleni" time="0.722"/>
  <testcase classname="gradjanibrzogbroda.backend.contoller.ZaposleniControllerTests" name="testAddZaposleni" time="0.427"/>
  <testcase classname="gradjanibrzogbroda.backend.contoller.ZaposleniControllerTests" name="testDeleteZaposleni" time="0.079"/>
  <testcase classname="gradjanibrzogbroda.backend.contoller.ZaposleniControllerTests" name="testGetZaposleniById" time="0.057"/>
  <testcase classname="gradjanibrzogbroda.backend.contoller.ZaposleniControllerTests" name="testIzmeniPlatu" time="0.074"/>
  <testcase classname="gradjanibrzogbroda.backend.contoller.ZaposleniControllerTests" name="testUpdateZaposleni" time="0.04"/>
</testsuite> <!-- Default test -->
